{"level":"warn","message":"404: /"}
{"level":"warn","message":"404: /"}
{"level":"warn","message":"404: /info"}
{"level":"warn","message":"404: /info"}
{"level":"warn","message":"404: /info"}
{"level":"warn","message":"404: /"}
{"level":"warn","message":"404: /"}
{"level":"warn","message":"404: /"}
{"level":"warn","message":"404: /"}
{"level":"warn","message":"404: /"}
{"level":"info","message":"Time: "}
{"level":"warn","message":"404: /"}
{"level":"info","message":"Time: "}
{"level":"warn","message":"404: /"}
{"level":"info","message":"Time: "}
{"level":"warn","message":"404: /"}
{"level":"info","message":"listening on port 3000."}
{"level":"info","message":"Time: 1701495460806"}
{"level":"warn","message":"404: /"}
{"level":"info","message":"Time: 1701495464874"}
{"level":"warn","message":"404: /"}
{"level":"info","message":"Time: 1701495540227"}
{"level":"warn","message":"404: /"}
{"level":"info","message":"listening on port 3000."}
{"level":"info","message":"Time: 1701495554844"}
{"level":"warn","message":"404 URL: /"}
{"level":"info","message":"Time: 1701495596310"}
{"level":"warn","message":"404 URL: /"}
{"level":"info","message":"listening on port 3000."}
{"level":"info","message":"Time: 1701495692494"}
{"level":"info","message":"Time: 1701495692652"}
{"level":"info","message":"Time: 1701495692758"}
{"level":"warn","message":"404 URL: /favicon.ico"}
{"level":"info","message":"Time: 1701495723027"}
{"level":"info","message":"Time: 1701495723152"}
{"level":"info","message":"Time: 1701495860414"}
{"level":"info","message":"Time: 1701495860536"}
{"level":"info","message":"Time: 1701495866267"}
{"level":"info","message":"Time: 1701495866303"}
{"level":"info","message":"Time: 1701496239856"}
{"level":"info","message":"Time: 1701496239952"}
{"level":"info","message":"Time: 1701496274738"}
{"level":"info","message":"Time: 1701496274812"}
{"level":"info","message":"Time: 1701496424392"}
{"level":"info","message":"Time: 1701496424467"}
{"level":"info","message":"Time: 1701496469051"}
{"level":"info","message":"Time: 1701496469125"}
{"level":"info","message":"Time: 1701496477486"}
{"level":"info","message":"Time: 1701496477603"}
{"level":"info","message":"Time: 1701496949000"}
{"level":"info","message":"Time: 1701496949080"}
{"level":"info","message":"Time: 1701496955106"}
{"level":"info","message":"Time: 1701496955210"}
